This is e-upTeX, Version 3.141592653-p4.1.1-u1.30-230214-2.6 (utf8.uptex) (TeX Live 2024) (preloaded format=uplatex 2024.11.7)  12 DEC 2024 11:02
entering extended mode
 restricted \write18 enabled.
 %&-line parsing enabled.
**related_work.tex
(./related_work.tex
pLaTeX2e <2023-02-14u04>+1, based on
LaTeX2e <2024-11-01>
L3 programming layer <2024-11-02>
! Undefined control sequence.
l.1 \chapter
            {関連研究}
? 
! Emergency stop.
l.1 
    
End of file on the terminal!

 
Here is how much of TeX's memory you used:
 15 strings out of 474021
 312 string characters out of 5739387
 384341 words of memory out of 5000000
 23228 multiletter control sequences out of 15000+600000
 560710 words of font info for 54 fonts, out of 8000000 for 9000
 929 hyphenation exceptions out of 8191
 15i,0n,23p,74b,18s stack positions out of 10000i,1000n,20000p,200000b,200000s
No pages of output.
