------------------------------------------------------------------------
r18 | duerst | 2005-06-24 08:48:35 +0900 (24 6 2005) | 1 line

updated comments, switched debug to 0
------------------------------------------------------------------------
r15 | duerst | 2005-06-19 09:10:45 +0900 (19 6 2005) | 1 line

tweaked unaryExpression, added unary minus
------------------------------------------------------------------------
r14 | duerst | 2005-06-19 08:58:51 +0900 (19 6 2005) | 1 line

added mulExpression
------------------------------------------------------------------------
r13 | duerst | 2005-06-19 08:42:08 +0900 (19 6 2005) | 1 line

added greaterSmallerExpression
------------------------------------------------------------------------
r12 | duerst | 2005-06-19 08:34:22 +0900 (19 6 2005) | 1 line

added bitwiseXorExpression and bitwiseAndExpression
------------------------------------------------------------------------
r11 | duerst | 2005-06-19 08:23:42 +0900 (19 6 2005) | 1 line

added bitwiseOrExpression
------------------------------------------------------------------------
r10 | duerst | 2005-06-18 20:14:56 +0900 (18 6 2005) | 1 line

added conditional expression
------------------------------------------------------------------------
r9 | duerst | 2005-06-18 19:56:02 +0900 (18 6 2005) | 1 line

forgot a semicolon
------------------------------------------------------------------------
r8 | duerst | 2005-06-18 19:27:54 +0900 (18 6 2005) | 1 line

added variables
------------------------------------------------------------------------
r7 | duerst | 2005-06-18 13:09:50 +0900 (18 6 2005) | 1 line

added comma operator
------------------------------------------------------------------------
r6 | duerst | 2005-06-18 12:59:26 +0900 (18 6 2005) | 1 line

added minus operator
------------------------------------------------------------------------
r5 | duerst | 2005-06-18 12:41:54 +0900 (18 6 2005) | 1 line

extended to multiple additions (1+2+3...)
------------------------------------------------------------------------
r4 | duerst | 2005-06-17 18:42:47 +0900 (17 6 2005) | 1 line

allowed multiple statements
------------------------------------------------------------------------
r3 | duerst | 2005-06-17 18:15:33 +0900 (17 6 2005) | 1 line

added @(exp) print operator
------------------------------------------------------------------------
r2 | duerst | 2005-06-17 18:06:10 +0900 (17 6 2005) | 1 line

first add of calculator solution
------------------------------------------------------------------------
