Grammar

    0 $accept: exp $end

    1 exp: term '+' term

    2 term: NUM


Terminals, with rules where they appear

$end (0) 0
'+' (43) 1
error (256)
NUM (258) 2


Nonterminals, with rules where they appear

$accept (5)
    on left: 0
exp (6)
    on left: 1, on right: 0
term (7)
    on left: 2, on right: 1


state 0

    0 $accept: . exp $end

    NUM  shift, and go to state 1

    exp   go to state 2
    term  go to state 3


state 1

    2 term: NUM .

    $default  reduce using rule 2 (term)


state 2

    0 $accept: exp . $end

    $end  shift, and go to state 4


state 3

    1 exp: term . '+' term

    '+'  shift, and go to state 5


state 4

    0 $accept: exp $end .

    $default  accept


state 5

    1 exp: term '+' . term

    NUM  shift, and go to state 1

    term  go to state 6


state 6

    1 exp: term '+' term .

    $default  reduce using rule 1 (exp)
